<?xml version="1.0" encoding="UTF-8"?>
<!-- Generated by org.testng.reporters.JUnitXMLReporter -->
<testsuite ignored="0" hostname="Faizan" failures="0" tests="3" name="Test" time="47.748" errors="0" timestamp="21 Sep 2022 07:10:30 GMT">
  <testcase classname="com.myapplication.qa.testcases.LoginPageTest" name="verifyTitle" time="0.019"/>
  <testcase classname="com.myapplication.qa.testcases.LoginPageTest" name="verifylogo" time="0.081"/>
  <testcase classname="com.myapplication.qa.testcases.LoginPageTest" name="login" time="17.143"/>
</testsuite> <!-- Test -->
