<?xml version="1.0" encoding="UTF-8"?>
<testng-results ignored="0" total="3" passed="3" failed="0" skipped="0">
  <reporter-output>
  </reporter-output>
  <suite started-at="2022-09-21T07:09:42Z" name="Suite" finished-at="2022-09-21T07:10:30Z" duration-ms="47748">
    <groups>
    </groups>
    <test started-at="2022-09-21T07:09:42Z" name="Test" finished-at="2022-09-21T07:10:30Z" duration-ms="47748">
      <class name="com.myapplication.qa.testcases.LoginPageTest">
        <test-method is-config="true" signature="setUp()[pri:0, instance:com.myapplication.qa.testcases.LoginPageTest@909217e]" started-at="2022-09-21T07:09:42Z" name="setUp" finished-at="2022-09-21T07:09:56Z" duration-ms="13458" status="PASS">
          <reporter-output>
          </reporter-output>
        </test-method> <!-- setUp -->
        <test-method signature="verifyTitle()[pri:1, instance:com.myapplication.qa.testcases.LoginPageTest@909217e]" started-at="2022-09-21T07:09:56Z" name="verifyTitle" finished-at="2022-09-21T07:09:56Z" duration-ms="19" status="PASS">
          <reporter-output>
          </reporter-output>
        </test-method> <!-- verifyTitle -->
        <test-method is-config="true" signature="tearDown()[pri:0, instance:com.myapplication.qa.testcases.LoginPageTest@909217e]" started-at="2022-09-21T07:09:56Z" name="tearDown" finished-at="2022-09-21T07:09:56Z" duration-ms="274" status="PASS">
          <reporter-output>
          </reporter-output>
        </test-method> <!-- tearDown -->
        <test-method is-config="true" signature="setUp()[pri:0, instance:com.myapplication.qa.testcases.LoginPageTest@909217e]" started-at="2022-09-21T07:09:56Z" name="setUp" finished-at="2022-09-21T07:10:04Z" duration-ms="7737" status="PASS">
          <reporter-output>
          </reporter-output>
        </test-method> <!-- setUp -->
        <test-method signature="verifylogo()[pri:2, instance:com.myapplication.qa.testcases.LoginPageTest@909217e]" started-at="2022-09-21T07:10:04Z" name="verifylogo" finished-at="2022-09-21T07:10:04Z" duration-ms="81" status="PASS">
          <reporter-output>
          </reporter-output>
        </test-method> <!-- verifylogo -->
        <test-method is-config="true" signature="tearDown()[pri:0, instance:com.myapplication.qa.testcases.LoginPageTest@909217e]" started-at="2022-09-21T07:10:04Z" name="tearDown" finished-at="2022-09-21T07:10:04Z" duration-ms="273" status="PASS">
          <reporter-output>
          </reporter-output>
        </test-method> <!-- tearDown -->
        <test-method is-config="true" signature="setUp()[pri:0, instance:com.myapplication.qa.testcases.LoginPageTest@909217e]" started-at="2022-09-21T07:10:04Z" name="setUp" finished-at="2022-09-21T07:10:13Z" duration-ms="8544" status="PASS">
          <reporter-output>
          </reporter-output>
        </test-method> <!-- setUp -->
        <test-method signature="login()[pri:3, instance:com.myapplication.qa.testcases.LoginPageTest@909217e]" started-at="2022-09-21T07:10:13Z" name="login" finished-at="2022-09-21T07:10:30Z" duration-ms="17143" status="PASS">
          <reporter-output>
          </reporter-output>
        </test-method> <!-- login -->
        <test-method is-config="true" signature="tearDown()[pri:0, instance:com.myapplication.qa.testcases.LoginPageTest@909217e]" started-at="2022-09-21T07:10:30Z" name="tearDown" finished-at="2022-09-21T07:10:30Z" duration-ms="192" status="PASS">
          <reporter-output>
          </reporter-output>
        </test-method> <!-- tearDown -->
      </class> <!-- com.myapplication.qa.testcases.LoginPageTest -->
    </test> <!-- Test -->
  </suite> <!-- Suite -->
</testng-results>
